<?xml version="1.0" encoding="UTF-8"?>
<!-- Generated by org.testng.reporters.JUnitReportReporter -->
<testsuite hostname="hp" failures="0" tests="1" name="ClickOnShoppingCartLinkTest" time="2.671" errors="0" timestamp="2024-03-13T18:37:14 CET" skipped="0">
  <testcase classname="ClickOnShoppingCartLinkTest" name="clickOnShoppingCartLink" time="2.671"/>
  <system-out>
Login successful Shopping cart page is opened  </system-out>
</testsuite> <!-- ClickOnShoppingCartLinkTest -->
