<?xml version="1.0" encoding="UTF-8"?>
<!-- Generated by org.testng.reporters.JUnitReportReporter -->
<testsuite hostname="hp" failures="0" tests="1" name="SubscribeToNewsLetterTest" time="2.988" errors="0" timestamp="2024-03-13T18:37:14 CET" skipped="0">
  <testcase classname="SubscribeToNewsLetterTest" name="subscribe" time="2.988"/>
  <system-out>
Login successful User entered correct email into email text field Subscribed to newsletter  </system-out>
</testsuite> <!-- SubscribeToNewsLetterTest -->
