<?xml version="1.0" encoding="UTF-8"?>
<!-- Generated by org.testng.reporters.JUnitReportReporter -->
<testsuite hostname="hp" failures="0" tests="1" name="AddProductToCart" time="6.363" errors="0" timestamp="2024-03-12T19:34:36 CET" skipped="0">
  <testcase classname="AddProductToCart" name="addProductToCart" time="6.363"/>
  <system-out/>
</testsuite> <!-- AddProductToCart -->
