<?xml version="1.0" encoding="UTF-8"?>
<!-- Generated by org.testng.reporters.JUnitReportReporter -->
<testsuite hostname="hp" failures="0" tests="1" name="SubscribeToNewsLetter" time="3.258" errors="0" timestamp="2024-03-12T18:51:20 CET" skipped="0">
  <testcase classname="SubscribeToNewsLetter" name="subscribe" time="3.258"/>
  <system-out>
Login successful User entered correct email into email text field Subscribed to newsletter  </system-out>
</testsuite> <!-- SubscribeToNewsLetter -->
