<?xml version="1.0" encoding="UTF-8"?>
<!-- Generated by org.testng.reporters.JUnitReportReporter -->
<testsuite hostname="hp" failures="0" tests="1" name="ClickOnShoppingCartLink" time="4.278" errors="0" timestamp="2024-03-12T18:50:50 CET" skipped="0">
  <testcase classname="ClickOnShoppingCartLink" name="clickOnShoppingCartLink" time="4.278"/>
  <system-out>
Login successful Shopping cart page is opened  </system-out>
</testsuite> <!-- ClickOnShoppingCartLink -->
