<?xml version="1.0" encoding="UTF-8"?>
<!-- Generated by org.testng.reporters.JUnitReportReporter -->
<testsuite hostname="hp" failures="0" tests="1" name="AddProductToCartTest" time="4.529" errors="0" timestamp="2024-03-13T18:28:41 CET" skipped="0">
  <testcase classname="AddProductToCartTest" name="addProductToCart" time="4.529"/>
  <system-out/>
</testsuite> <!-- AddProductToCartTest -->
