<?xml version="1.0" encoding="UTF-8"?>
<!-- Generated by org.testng.reporters.JUnitReportReporter -->
<testsuite hostname="hp" failures="0" tests="1" name="AddToWishList" time="7.328" errors="0" timestamp="2024-03-12T19:03:14 CET" skipped="0">
  <testcase classname="AddToWishList" name="addToWishList" time="7.328"/>
  <system-out>
Login successful Products page is displayed User entered correct recipient name User entered correct recipient email User added a product to wish list button  </system-out>
</testsuite> <!-- AddToWishList -->
